Arguments: 
  C:\Program Files\nodejs\node.exe C:\Users\Rogério\AppData\Roaming\npm\node_modules\yarn\bin\yarn.js add react-native-reanimated

PATH: 
  C:\Program Files\Common Files\Oracle\Java\javapath;C:\WINDOWS\system32;C:\WINDOWS;C:\WINDOWS\System32\Wbem;C:\WINDOWS\System32\WindowsPowerShell\v1.0\;C:\WINDOWS\System32\OpenSSH\;C:\Program Files\nodejs\;C:\Program Files\Git\cmd;C:\sdk\platform-tools;C:\Users\Rogério\AppData\Local\Microsoft\WindowsApps;C:\Users\Rogério\AppData\Roaming\npm;C:\Users\Rogério\AppData\Local\Programs\Microsoft VS Code\bin

Yarn version: 
  1.22.19

Node version: 
  16.15.1

Platform: 
  win32 x64

Trace: 
  Error: ENOTEMPTY: directory not empty, rmdir 'C:\Users\Rogério\AppData\Local\Yarn\Cache\v6\npm-@urql-core-2.3.6-ee0a6f8fde02251e9560c5f17dce5cd90f948552-integrity\node_modules\@urql\core'

npm manifest: 
  {
    "name": "myapp",
    "version": "1.0.0",
    "main": "node_modules/expo/AppEntry.js", 
    "scripts": {
      "start": "expo start",
      "android": "expo start --android",
      "ios": "expo start --ios",
      "web": "expo start --web",
      "eject": "expo eject"
    },
    "dependencies": {
      "@react-navigation/bottom-tabs": "^6.3.2",
      "@react-navigation/drawer": "^6.4.3",
      "@react-navigation/native": "^6.0.11",
      "@react-navigation/native-stack": "^6.7.0",
      "expo": "~45.0.0",
      "expo-status-bar": "~1.3.0",
      "react": "17.0.2",
      "react-dom": "17.0.2",
      "react-native": "0.68.2",
      "react-native-safe-area-context": "4.2.4",
      "react-native-screens": "~3.11.1",
      "react-native-web": "0.17.7",
      "react-native-gesture-handler": "~2.2.1",
      "react-native-reanimated": "~2.8.0"
    },
    "devDependencies": {
      "@babel/core": "^7.12.9"
    },
    "private": true
  }

yarn manifest: 
  No manifest

Lockfile: 
  No lockfile
